C51 COMPILER V9.54   AT24C02                                                               05/15/2022 15:26:27 PAGE 1   


C51 COMPILER V9.54, COMPILATION OF MODULE AT24C02
OBJECT MODULE PLACED IN .\Objects\AT24C02.obj
COMPILER INVOKED BY: E:\51\keil\C51\BIN\C51.EXE AT24C02.c OPTIMIZE(8,SPEED) BROWSE DEBUG OBJECTEXTEND PRINT(.\Listings\A
                    -T24C02.lst) TABS(2) OBJECT(.\Objects\AT24C02.obj)

line level    source

   1          
   2          #include <REGX52.H>
   3          #include "I2C.h"
*** WARNING C315 IN LINE 16 OF I2C.h: unknown #directive 'end'
   4          
   5          //从机地址：AT24C02的固定地址为1010，可配置地址本开发板上为000
   6          #define AT24C02_ADDRESS 0xA0   //R/W
   7          
   8          void AT24C02_WriteByte(unsigned char WordAddress,Data)  //字节写
   9          {
  10   1        I2C_Start(); //起始配置
  11   1        I2C_SendByte(AT24C02_ADDRESS);  //发送AT24C02(从机)字地址
  12   1        I2C_ReceiveACK();      //接收一个应答
  13   1        I2C_SendByte(WordAddress);  //发送一个字地址
  14   1        I2C_ReceiveACK();      //接收一个应答
  15   1        I2C_SendByte(Data);  //发送一个数据
  16   1        I2C_ReceiveACK();      //接收一个应答
  17   1        I2C_Stop(); //终止配置
  18   1      }
  19          
  20          ////随机读：读出在WORD ADDRESS处的数据DATA
  21          unsigned char AT24C02_ReadByte(unsigned char WordAddress)
  22          {
  23   1        unsigned char Data;
  24   1        /* 在那读出数据 */
  25   1        I2C_Start(); //起始配置
  26   1        I2C_SendByte(AT24C02_ADDRESS);  //发送AT24C02(从机)字地址
  27   1        I2C_ReceiveACK();      //接收一个应答
  28   1        I2C_SendByte(WordAddress);  //发送字地址
  29   1        I2C_ReceiveACK();      //接收一个应答
  30   1        
  31   1        /* 读出数据 */
  32   1        I2C_Start(); //起始配置
  33   1        I2C_SendByte(AT24C02_ADDRESS|0x01);  //R/W,进入接收模式 
  34   1        I2C_ReceiveACK();      //接收一个应答
  35   1        Data=I2C_ReceiveByte();  //接收一个字节，I2C_SDA=1将控制权交给从机，接收从机的数据
  36   1        I2C_SendACK(1);//主机读到数据了，发送非应答表示接收或者发送一帧数据结束,发0也可以
  37   1        I2C_Stop(); //终止配置
  38   1        return Data;
  39   1      }
  40          
  41          
  42          
*** WARNING C316 IN LINE 42 OF AT24C02.c: unterminated conditionals


MODULE INFORMATION:   STATIC OVERLAYABLE
   CODE SIZE        =     84    ----
   CONSTANT SIZE    =   ----    ----
   XDATA SIZE       =   ----    ----
   PDATA SIZE       =   ----    ----
   DATA SIZE        =   ----       5
   IDATA SIZE       =   ----    ----
   BIT SIZE         =   ----    ----
C51 COMPILER V9.54   AT24C02                                                               05/15/2022 15:26:27 PAGE 2   

END OF MODULE INFORMATION.


C51 COMPILATION COMPLETE.  2 WARNING(S),  0 ERROR(S)
