C51 COMPILER V9.54   DELAY                                                                 05/15/2022 15:10:58 PAGE 1   


C51 COMPILER V9.54, COMPILATION OF MODULE DELAY
OBJECT MODULE PLACED IN .\Objects\Delay.obj
COMPILER INVOKED BY: E:\51\keil\C51\BIN\C51.EXE Delay.c OPTIMIZE(8,SPEED) BROWSE DEBUG OBJECTEXTEND PRINT(.\Listings\Del
                    -ay.lst) TABS(2) OBJECT(.\Objects\Delay.obj)

line level    source

   1          #include <REGX52.H>
   2          void Delay(unsigned int ms)   //@11.0592MHz @0-65535
   3          {
   4   1          unsigned int i,j;
   5   1          for(j=ms;j>0;j--)
   6   1          for(i=111;i>0;i--);
   7   1      }


MODULE INFORMATION:   STATIC OVERLAYABLE
   CODE SIZE        =     30    ----
   CONSTANT SIZE    =   ----    ----
   XDATA SIZE       =   ----    ----
   PDATA SIZE       =   ----    ----
   DATA SIZE        =   ----    ----
   IDATA SIZE       =   ----    ----
   BIT SIZE         =   ----    ----
END OF MODULE INFORMATION.


C51 COMPILATION COMPLETE.  0 WARNING(S),  0 ERROR(S)
