C51 COMPILER V9.54   KEY                                                                   05/15/2022 15:10:58 PAGE 1   


C51 COMPILER V9.54, COMPILATION OF MODULE KEY
OBJECT MODULE PLACED IN .\Objects\Key.obj
COMPILER INVOKED BY: E:\51\keil\C51\BIN\C51.EXE Key.c OPTIMIZE(8,SPEED) BROWSE DEBUG OBJECTEXTEND PRINT(.\Listings\Key.l
                    -st) TABS(2) OBJECT(.\Objects\Key.obj)

line level    source

   1          #include <REGX52.H>
   2          
   3          
   4          unsigned char Key_KeyNumber;
   5          
   6          unsigned char Key(void)   //主函数用
   7          {
   8   1        unsigned char temp=0;
   9   1        temp=Key_KeyNumber;
  10   1        Key_KeyNumber=0;
  11   1        return temp;
  12   1      }
  13          
  14          unsigned char Key_GetState()
  15          {
  16   1        unsigned char KeyNumber=0;
  17   1        
  18   1        if(P3_1==0){KeyNumber=1;}
  19   1        else if(P3_0==0){KeyNumber=2;}
  20   1        else if(P3_2==0){KeyNumber=3;}
  21   1        else if(P3_3==0){KeyNumber=4;}
  22   1        
  23   1        return KeyNumber;
  24   1      }
  25          
  26          //void KeyTime()  //定时器扫描函数
  27          unsigned char KeyTime()  //定时器扫描函数
  28          {
  29   1        static unsigned char NowState,LastState;
  30   1        static unsigned char temp;
  31   1        LastState=NowState;       //按键状态更新
  32   1        NowState=Key_GetState();    //获取当前按键状态
  33   1        
  34   1        //如果上个状态有按键按下，现在没有则返回上个按键值
  35   1        if(LastState && NowState==0)
  36   1        {
  37   2          Key_KeyNumber=LastState;
  38   2          temp=LastState;
  39   2        }
  40   1        return temp;
  41   1      }


MODULE INFORMATION:   STATIC OVERLAYABLE
   CODE SIZE        =     59    ----
   CONSTANT SIZE    =   ----    ----
   XDATA SIZE       =   ----    ----
   PDATA SIZE       =   ----    ----
   DATA SIZE        =      4    ----
   IDATA SIZE       =   ----    ----
   BIT SIZE         =   ----    ----
END OF MODULE INFORMATION.


C51 COMPILATION COMPLETE.  0 WARNING(S),  0 ERROR(S)
