C51 COMPILER V9.54   MATRIXKEY                                                             05/15/2022 15:10:59 PAGE 1   


C51 COMPILER V9.54, COMPILATION OF MODULE MATRIXKEY
OBJECT MODULE PLACED IN .\Objects\MatrixKey.obj
COMPILER INVOKED BY: E:\51\keil\C51\BIN\C51.EXE MatrixKey.c OPTIMIZE(8,SPEED) BROWSE DEBUG OBJECTEXTEND PRINT(.\Listings
                    -\MatrixKey.lst) TABS(2) OBJECT(.\Objects\MatrixKey.obj)

line level    source

   1          #include <REGX52.H>
   2          #include "Delay.h"
   3          unsigned char MatrixKey()
   4          {
   5   1        unsigned char MK=0;
   6   1        
   7   1        Delay(1);   //防止篡位
   8   1        P1=0xff;
   9   1        
  10   1        P1_3=0x0;   //选中  
  11   1        if(P1_7==0){  Delay(15);  while(P1_7==0); Delay(15); MK=1;  }
  12   1        if(P1_6==0){  Delay(15);  while(P1_6==0); Delay(15); MK=5;  }
  13   1        if(P1_5==0){  Delay(15);  while(P1_5==0); Delay(15); MK=9;  }
  14   1        if(P1_4==0){  Delay(15);  while(P1_4==0); Delay(15); MK=13; }
  15   1        
  16   1        P1_2=0x0;   //选中  
  17   1        if(P1_7==0){  Delay(15);  while(P1_7==0); Delay(15); MK=2;  }
  18   1        if(P1_6==0){  Delay(15);  while(P1_6==0); Delay(15); MK=6;  }
  19   1        if(P1_5==0){  Delay(15);  while(P1_5==0); Delay(15); MK=10; }
  20   1        if(P1_4==0){  Delay(15);  while(P1_4==0); Delay(15); MK=14; }
  21   1        
  22   1        P1_1=0x0;   //选中  
  23   1        if(P1_7==0){  Delay(15);  while(P1_7==0); Delay(15); MK=3;  }
  24   1        if(P1_6==0){  Delay(15);  while(P1_6==0); Delay(15); MK=7;  }
  25   1        if(P1_5==0){  Delay(15);  while(P1_5==0); Delay(15); MK=11; }
  26   1        if(P1_4==0){  Delay(15);  while(P1_4==0); Delay(15); MK=15; }
  27   1        
  28   1        P1_0=0x0;   //选中  
  29   1        if(P1_7==0){  Delay(15);  while(P1_7==0); Delay(15); MK=4;  }
  30   1        if(P1_6==0){  Delay(15);  while(P1_6==0); Delay(15); MK=7;  }
  31   1        if(P1_5==0){  Delay(15);  while(P1_5==0); Delay(15); MK=12; }
  32   1        if(P1_4==0){  Delay(15);  while(P1_4==0); Delay(15); MK=16; }
  33   1        
  34   1        return MK;
  35   1      }


MODULE INFORMATION:   STATIC OVERLAYABLE
   CODE SIZE        =    391    ----
   CONSTANT SIZE    =   ----    ----
   XDATA SIZE       =   ----    ----
   PDATA SIZE       =   ----    ----
   DATA SIZE        =   ----       1
   IDATA SIZE       =   ----    ----
   BIT SIZE         =   ----    ----
END OF MODULE INFORMATION.


C51 COMPILATION COMPLETE.  0 WARNING(S),  0 ERROR(S)
