C51 COMPILER V9.54   NIXIE                                                                 05/15/2022 15:10:59 PAGE 1   


C51 COMPILER V9.54, COMPILATION OF MODULE NIXIE
OBJECT MODULE PLACED IN .\Objects\Nixie.obj
COMPILER INVOKED BY: E:\51\keil\C51\BIN\C51.EXE Nixie.c OPTIMIZE(8,SPEED) BROWSE DEBUG OBJECTEXTEND PRINT(.\Listings\Nix
                    -ie.lst) TABS(2) OBJECT(.\Objects\Nixie.obj)

line level    source

   1          #include <REGX52.H>
   2          #include "Delay.h"
   3          //10显示小数点,11显示空，12横杠
   4          unsigned char code number[]={0x3F,0x06,0x5B,0x4F,0x66,0x6D,0x7D,0x07,0x7F,0x6F,0x80,0x00,0x40};
   5          void Nixie(unsigned char num,i)
   6          {
   7   1        P0=0x00;
   8   1        switch(num) 
   9   1        {
  10   2          case 1:P2_4=1,P2_3=1,P2_2=1;break;
  11   2          case 2:P2_4=1,P2_3=1,P2_2=0;break;
  12   2          case 3:P2_4=1,P2_3=0,P2_2=1;break;
  13   2          case 4:P2_4=1,P2_3=0,P2_2=0;break;
  14   2          case 5:P2_4=0,P2_3=1,P2_2=1;break;
  15   2          case 6:P2_4=0,P2_3=1,P2_2=0;break;
  16   2          case 7:P2_4=0,P2_3=0,P2_2=1;break;
  17   2          case 8:P2_4=0,P2_3=0,P2_2=0;break;    
  18   2        }
  19   1        /* 数码管控制总线：P0 */;
  20   1        P0=number[i];
  21   1      }
  22          
  23          unsigned char Nixie_Buf[9]={0,11,11,11,11,11,11,11,11};
  24          void Nixie_SetScan(unsigned char i,num)  //更改扫描显示
  25          {
  26   1        Nixie_Buf[i]=num;
  27   1      }
  28          void Nixie_Time()   //不断扫描8位0，需要显示的单独给值使其显示
  29          {
  30   1        static unsigned char i=1;   //1-8不断扫描
  31   1        Nixie(i,Nixie_Buf[i]);
  32   1        i++;
  33   1        if(i>=9){ i=1;}
  34   1      }


MODULE INFORMATION:   STATIC OVERLAYABLE
   CODE SIZE        =    145    ----
   CONSTANT SIZE    =     13    ----
   XDATA SIZE       =   ----    ----
   PDATA SIZE       =   ----    ----
   DATA SIZE        =     10    ----
   IDATA SIZE       =   ----    ----
   BIT SIZE         =   ----    ----
END OF MODULE INFORMATION.


C51 COMPILATION COMPLETE.  0 WARNING(S),  0 ERROR(S)
